Determining if the pthread_create exist failed with the following output:
Change Dir: /home/joannadiao/kaiROS/src/build/CMakeFiles/CMakeTmp

Run Build Command:"/usr/bin/make" "cmTC_a371f/fast"
/usr/bin/make -f CMakeFiles/cmTC_a371f.dir/build.make CMakeFiles/cmTC_a371f.dir/build
make[1]: Entering directory '/home/joannadiao/kaiROS/src/build/CMakeFiles/CMakeTmp'
Building C object CMakeFiles/cmTC_a371f.dir/CheckSymbolExists.c.o
/usr/bin/x86_64-linux-gnu-gcc-7     -o CMakeFiles/cmTC_a371f.dir/CheckSymbolExists.c.o   -c /home/joannadiao/kaiROS/src/build/CMakeFiles/CMakeTmp/CheckSymbolExists.c
Linking C executable cmTC_a371f
/usr/bin/cmake -E cmake_link_script CMakeFiles/cmTC_a371f.dir/link.txt --verbose=1
/usr/bin/x86_64-linux-gnu-gcc-7       CMakeFiles/cmTC_a371f.dir/CheckSymbolExists.c.o  -o cmTC_a371f -rdynamic 
CMakeFiles/cmTC_a371f.dir/CheckSymbolExists.c.o: In function `main':
CheckSymbolExists.c:(.text+0x16): undefined reference to `pthread_create'
collect2: error: ld returned 1 exit status
CMakeFiles/cmTC_a371f.dir/build.make:97: recipe for target 'cmTC_a371f' failed
make[1]: *** [cmTC_a371f] Error 1
make[1]: Leaving directory '/home/joannadiao/kaiROS/src/build/CMakeFiles/CMakeTmp'
Makefile:126: recipe for target 'cmTC_a371f/fast' failed
make: *** [cmTC_a371f/fast] Error 2

File /home/joannadiao/kaiROS/src/build/CMakeFiles/CMakeTmp/CheckSymbolExists.c:
/* */
#include <pthread.h>

int main(int argc, char** argv)
{
  (void)argv;
#ifndef pthread_create
  return ((int*)(&pthread_create))[argc];
#else
  (void)argc;
  return 0;
#endif
}

Determining if the function pthread_create exists in the pthreads failed with the following output:
Change Dir: /home/joannadiao/kaiROS/src/build/CMakeFiles/CMakeTmp

Run Build Command:"/usr/bin/make" "cmTC_24cfe/fast"
/usr/bin/make -f CMakeFiles/cmTC_24cfe.dir/build.make CMakeFiles/cmTC_24cfe.dir/build
make[1]: Entering directory '/home/joannadiao/kaiROS/src/build/CMakeFiles/CMakeTmp'
Building C object CMakeFiles/cmTC_24cfe.dir/CheckFunctionExists.c.o
/usr/bin/x86_64-linux-gnu-gcc-7    -DCHECK_FUNCTION_EXISTS=pthread_create   -o CMakeFiles/cmTC_24cfe.dir/CheckFunctionExists.c.o   -c /usr/share/cmake-3.5/Modules/CheckFunctionExists.c
Linking C executable cmTC_24cfe
/usr/bin/cmake -E cmake_link_script CMakeFiles/cmTC_24cfe.dir/link.txt --verbose=1
/usr/bin/x86_64-linux-gnu-gcc-7   -DCHECK_FUNCTION_EXISTS=pthread_create    CMakeFiles/cmTC_24cfe.dir/CheckFunctionExists.c.o  -o cmTC_24cfe -rdynamic -lpthreads 
/usr/bin/ld: cannot find -lpthreads
collect2: error: ld returned 1 exit status
CMakeFiles/cmTC_24cfe.dir/build.make:97: recipe for target 'cmTC_24cfe' failed
make[1]: *** [cmTC_24cfe] Error 1
make[1]: Leaving directory '/home/joannadiao/kaiROS/src/build/CMakeFiles/CMakeTmp'
Makefile:126: recipe for target 'cmTC_24cfe/fast' failed
make: *** [cmTC_24cfe/fast] Error 2


